<?xml version="1.0" encoding="UTF-8"?>
<robot generator="Robot 6.1.1 (Python 3.10.12 on linux)" generated="20231120 18:52:44.403" rpa="false" schemaversion="4">
<suite id="s1" name="Tests" source="/home/johanell/ohtu/viikko3/web-login/src/tests">
<suite id="s1-s1" name="Home" source="/home/johanell/ohtu/viikko3/web-login/src/tests/home.robot">
<kw name="Open And Configure Browser" library="resource" type="SETUP">
<kw name="Evaluate" library="BuiltIn">
<var>${options}</var>
<arg>sys.modules['selenium.webdriver'].ChromeOptions()</arg>
<arg>sys</arg>
<doc>Evaluates the given expression in Python and returns the result.</doc>
<msg timestamp="20231120 18:52:44.505" level="INFO">${options} = &lt;selenium.webdriver.chrome.options.Options object at 0x7f7f460e7f70&gt;</msg>
<status status="PASS" starttime="20231120 18:52:44.505" endtime="20231120 18:52:44.505"/>
</kw>
<kw name="Open Browser" library="SeleniumLibrary">
<arg>browser=chrome</arg>
<arg>options=${options}</arg>
<doc>Opens a new browser instance to the optional ``url``.</doc>
<msg timestamp="20231120 18:52:44.505" level="INFO">Opening browser 'chrome' to base url 'None'.</msg>
<status status="PASS" starttime="20231120 18:52:44.505" endtime="20231120 18:52:45.372"/>
</kw>
<kw name="Set Selenium Speed" library="SeleniumLibrary">
<arg>${DELAY}</arg>
<doc>Sets the delay that is waited after each Selenium command.</doc>
<status status="PASS" starttime="20231120 18:52:45.372" endtime="20231120 18:52:45.372"/>
</kw>
<status status="PASS" starttime="20231120 18:52:44.505" endtime="20231120 18:52:45.372"/>
</kw>
<test id="s1-s1-t1" name="Click Login Link" line="8">
<kw name="Go To Starting Page" library="resource" type="SETUP">
<kw name="Go To" library="SeleniumLibrary">
<arg>${HOME_URL}</arg>
<doc>Navigates the current browser window to the provided ``url``.</doc>
<msg timestamp="20231120 18:52:45.373" level="INFO">Opening url 'http://localhost:5001'</msg>
<status status="PASS" starttime="20231120 18:52:45.373" endtime="20231120 18:52:45.930"/>
</kw>
<status status="PASS" starttime="20231120 18:52:45.373" endtime="20231120 18:52:45.930"/>
</kw>
<kw name="Click Link" library="SeleniumLibrary">
<arg>Login</arg>
<doc>Clicks a link identified by ``locator``.</doc>
<msg timestamp="20231120 18:52:45.931" level="INFO">Clicking link 'Login'.</msg>
<status status="PASS" starttime="20231120 18:52:45.930" endtime="20231120 18:52:47.547"/>
</kw>
<kw name="Login Page Should Be Open" library="resource">
<kw name="Title Should Be" library="SeleniumLibrary">
<arg>Login</arg>
<doc>Verifies that the current page title equals ``title``.</doc>
<msg timestamp="20231120 18:52:48.058" level="INFO">Page title is 'Login'.</msg>
<status status="PASS" starttime="20231120 18:52:47.548" endtime="20231120 18:52:48.059"/>
</kw>
<status status="PASS" starttime="20231120 18:52:47.547" endtime="20231120 18:52:48.059"/>
</kw>
<status status="PASS" starttime="20231120 18:52:45.372" endtime="20231120 18:52:48.059"/>
</test>
<test id="s1-s1-t2" name="Click Register Link" line="12">
<kw name="Go To Starting Page" library="resource" type="SETUP">
<kw name="Go To" library="SeleniumLibrary">
<arg>${HOME_URL}</arg>
<doc>Navigates the current browser window to the provided ``url``.</doc>
<msg timestamp="20231120 18:52:48.062" level="INFO">Opening url 'http://localhost:5001'</msg>
<status status="PASS" starttime="20231120 18:52:48.061" endtime="20231120 18:52:48.581"/>
</kw>
<status status="PASS" starttime="20231120 18:52:48.061" endtime="20231120 18:52:48.582"/>
</kw>
<kw name="Click Link" library="SeleniumLibrary">
<arg>Register new user</arg>
<doc>Clicks a link identified by ``locator``.</doc>
<msg timestamp="20231120 18:52:48.583" level="INFO">Clicking link 'Register new user'.</msg>
<status status="PASS" starttime="20231120 18:52:48.582" endtime="20231120 18:52:50.151"/>
</kw>
<kw name="Register Page Should Be Open" library="resource">
<kw name="Title Should Be" library="SeleniumLibrary">
<arg>Register</arg>
<doc>Verifies that the current page title equals ``title``.</doc>
<msg timestamp="20231120 18:52:50.661" level="INFO">Page title is 'Register'.</msg>
<status status="PASS" starttime="20231120 18:52:50.152" endtime="20231120 18:52:50.661"/>
</kw>
<status status="PASS" starttime="20231120 18:52:50.152" endtime="20231120 18:52:50.662"/>
</kw>
<status status="PASS" starttime="20231120 18:52:48.060" endtime="20231120 18:52:50.662"/>
</test>
<kw name="Close Browser" library="SeleniumLibrary" type="TEARDOWN">
<doc>Closes the current browser.</doc>
<status status="PASS" starttime="20231120 18:52:50.663" endtime="20231120 18:52:51.223"/>
</kw>
<status status="PASS" starttime="20231120 18:52:44.414" endtime="20231120 18:52:51.224"/>
</suite>
<suite id="s1-s2" name="Login" source="/home/johanell/ohtu/viikko3/web-login/src/tests/login.robot">
<kw name="Open And Configure Browser" library="resource" type="SETUP">
<kw name="Evaluate" library="BuiltIn">
<var>${options}</var>
<arg>sys.modules['selenium.webdriver'].ChromeOptions()</arg>
<arg>sys</arg>
<doc>Evaluates the given expression in Python and returns the result.</doc>
<msg timestamp="20231120 18:52:51.233" level="INFO">${options} = &lt;selenium.webdriver.chrome.options.Options object at 0x7f7f45e21f30&gt;</msg>
<status status="PASS" starttime="20231120 18:52:51.232" endtime="20231120 18:52:51.233"/>
</kw>
<kw name="Open Browser" library="SeleniumLibrary">
<arg>browser=chrome</arg>
<arg>options=${options}</arg>
<doc>Opens a new browser instance to the optional ``url``.</doc>
<msg timestamp="20231120 18:52:51.234" level="INFO">Opening browser 'chrome' to base url 'None'.</msg>
<status status="PASS" starttime="20231120 18:52:51.233" endtime="20231120 18:52:52.136"/>
</kw>
<kw name="Set Selenium Speed" library="SeleniumLibrary">
<arg>${DELAY}</arg>
<doc>Sets the delay that is waited after each Selenium command.</doc>
<status status="PASS" starttime="20231120 18:52:52.136" endtime="20231120 18:52:52.136"/>
</kw>
<status status="PASS" starttime="20231120 18:52:51.232" endtime="20231120 18:52:52.136"/>
</kw>
<test id="s1-s2-t1" name="Login With Correct Credentials" line="8">
<kw name="Create User And Go To Login Page" type="SETUP">
<kw name="Create User" library="AppLibrary">
<arg>kalle</arg>
<arg>kalle123</arg>
<status status="PASS" starttime="20231120 18:52:52.137" endtime="20231120 18:52:52.143"/>
</kw>
<kw name="Go To Login Page" library="resource">
<kw name="Go To" library="SeleniumLibrary">
<arg>${LOGIN_URL}</arg>
<doc>Navigates the current browser window to the provided ``url``.</doc>
<msg timestamp="20231120 18:52:52.143" level="INFO">Opening url 'http://localhost:5001/login'</msg>
<status status="PASS" starttime="20231120 18:52:52.143" endtime="20231120 18:52:52.687"/>
</kw>
<status status="PASS" starttime="20231120 18:52:52.143" endtime="20231120 18:52:52.687"/>
</kw>
<kw name="Login Page Should Be Open" library="resource">
<kw name="Title Should Be" library="SeleniumLibrary">
<arg>Login</arg>
<doc>Verifies that the current page title equals ``title``.</doc>
<msg timestamp="20231120 18:52:53.199" level="INFO">Page title is 'Login'.</msg>
<status status="PASS" starttime="20231120 18:52:52.688" endtime="20231120 18:52:53.199"/>
</kw>
<status status="PASS" starttime="20231120 18:52:52.687" endtime="20231120 18:52:53.200"/>
</kw>
<status status="PASS" starttime="20231120 18:52:52.137" endtime="20231120 18:52:53.200"/>
</kw>
<kw name="Set Username">
<arg>kalle</arg>
<kw name="Input Text" library="SeleniumLibrary">
<arg>username</arg>
<arg>${username}</arg>
<doc>Types the given ``text`` into the text field identified by ``locator``.</doc>
<msg timestamp="20231120 18:52:53.202" level="INFO">Typing text 'kalle' into text field 'username'.</msg>
<status status="PASS" starttime="20231120 18:52:53.201" endtime="20231120 18:52:54.794"/>
</kw>
<status status="PASS" starttime="20231120 18:52:53.200" endtime="20231120 18:52:54.795"/>
</kw>
<kw name="Set Password">
<arg>kalle123</arg>
<kw name="Input Password" library="SeleniumLibrary">
<arg>password</arg>
<arg>${password}</arg>
<doc>Types the given password into the text field identified by ``locator``.</doc>
<msg timestamp="20231120 18:52:54.797" level="INFO">Typing password into text field 'password'.</msg>
<msg timestamp="20231120 18:52:55.854" level="INFO">Temporally setting log level to: NONE</msg>
<msg timestamp="20231120 18:52:56.404" level="INFO">Log level changed from NONE to INFO.</msg>
<status status="PASS" starttime="20231120 18:52:54.796" endtime="20231120 18:52:56.405"/>
</kw>
<status status="PASS" starttime="20231120 18:52:54.795" endtime="20231120 18:52:56.405"/>
</kw>
<kw name="Submit Credentials">
<kw name="Click Button" library="SeleniumLibrary">
<arg>Login</arg>
<doc>Clicks the button identified by ``locator``.</doc>
<msg timestamp="20231120 18:52:56.407" level="INFO">Clicking button 'Login'.</msg>
<status status="PASS" starttime="20231120 18:52:56.406" endtime="20231120 18:52:58.495"/>
</kw>
<status status="PASS" starttime="20231120 18:52:56.405" endtime="20231120 18:52:58.495"/>
</kw>
<kw name="Login Should Succeed">
<kw name="Main Page Should Be Open" library="resource">
<kw name="Title Should Be" library="SeleniumLibrary">
<arg>Ohtu Application main page</arg>
<doc>Verifies that the current page title equals ``title``.</doc>
<msg timestamp="20231120 18:52:59.007" level="INFO">Page title is 'Ohtu Application main page'.</msg>
<status status="PASS" starttime="20231120 18:52:58.497" endtime="20231120 18:52:59.007"/>
</kw>
<status status="PASS" starttime="20231120 18:52:58.496" endtime="20231120 18:52:59.007"/>
</kw>
<status status="PASS" starttime="20231120 18:52:58.496" endtime="20231120 18:52:59.007"/>
</kw>
<status status="PASS" starttime="20231120 18:52:52.136" endtime="20231120 18:52:59.008"/>
</test>
<test id="s1-s2-t2" name="Login With Incorrect Password" line="14">
<kw name="Create User And Go To Login Page" type="SETUP">
<kw name="Create User" library="AppLibrary">
<arg>kalle</arg>
<arg>kalle123</arg>
<status status="PASS" starttime="20231120 18:52:59.009" endtime="20231120 18:52:59.021"/>
</kw>
<kw name="Go To Login Page" library="resource">
<kw name="Go To" library="SeleniumLibrary">
<arg>${LOGIN_URL}</arg>
<doc>Navigates the current browser window to the provided ``url``.</doc>
<msg timestamp="20231120 18:52:59.022" level="INFO">Opening url 'http://localhost:5001/login'</msg>
<status status="PASS" starttime="20231120 18:52:59.022" endtime="20231120 18:52:59.537"/>
</kw>
<status status="PASS" starttime="20231120 18:52:59.021" endtime="20231120 18:52:59.537"/>
</kw>
<kw name="Login Page Should Be Open" library="resource">
<kw name="Title Should Be" library="SeleniumLibrary">
<arg>Login</arg>
<doc>Verifies that the current page title equals ``title``.</doc>
<msg timestamp="20231120 18:53:00.048" level="INFO">Page title is 'Login'.</msg>
<status status="PASS" starttime="20231120 18:52:59.538" endtime="20231120 18:53:00.048"/>
</kw>
<status status="PASS" starttime="20231120 18:52:59.537" endtime="20231120 18:53:00.048"/>
</kw>
<status status="PASS" starttime="20231120 18:52:59.009" endtime="20231120 18:53:00.049"/>
</kw>
<kw name="Set Username">
<arg>kalle</arg>
<kw name="Input Text" library="SeleniumLibrary">
<arg>username</arg>
<arg>${username}</arg>
<doc>Types the given ``text`` into the text field identified by ``locator``.</doc>
<msg timestamp="20231120 18:53:00.050" level="INFO">Typing text 'kalle' into text field 'username'.</msg>
<status status="PASS" starttime="20231120 18:53:00.050" endtime="20231120 18:53:01.648"/>
</kw>
<status status="PASS" starttime="20231120 18:53:00.049" endtime="20231120 18:53:01.648"/>
</kw>
<kw name="Set Password">
<arg>kalle456</arg>
<kw name="Input Password" library="SeleniumLibrary">
<arg>password</arg>
<arg>${password}</arg>
<doc>Types the given password into the text field identified by ``locator``.</doc>
<msg timestamp="20231120 18:53:01.650" level="INFO">Typing password into text field 'password'.</msg>
<msg timestamp="20231120 18:53:02.685" level="INFO">Temporally setting log level to: NONE</msg>
<msg timestamp="20231120 18:53:03.239" level="INFO">Log level changed from NONE to INFO.</msg>
<status status="PASS" starttime="20231120 18:53:01.649" endtime="20231120 18:53:03.240"/>
</kw>
<status status="PASS" starttime="20231120 18:53:01.648" endtime="20231120 18:53:03.240"/>
</kw>
<kw name="Submit Credentials">
<kw name="Click Button" library="SeleniumLibrary">
<arg>Login</arg>
<doc>Clicks the button identified by ``locator``.</doc>
<msg timestamp="20231120 18:53:03.241" level="INFO">Clicking button 'Login'.</msg>
<status status="PASS" starttime="20231120 18:53:03.241" endtime="20231120 18:53:05.319"/>
</kw>
<status status="PASS" starttime="20231120 18:53:03.240" endtime="20231120 18:53:05.319"/>
</kw>
<kw name="Login Should Fail With Message">
<arg>Invalid username or password</arg>
<kw name="Login Page Should Be Open" library="resource">
<kw name="Title Should Be" library="SeleniumLibrary">
<arg>Login</arg>
<doc>Verifies that the current page title equals ``title``.</doc>
<msg timestamp="20231120 18:53:05.830" level="INFO">Page title is 'Login'.</msg>
<status status="PASS" starttime="20231120 18:53:05.321" endtime="20231120 18:53:05.830"/>
</kw>
<status status="PASS" starttime="20231120 18:53:05.320" endtime="20231120 18:53:05.830"/>
</kw>
<kw name="Page Should Contain" library="SeleniumLibrary">
<arg>${message}</arg>
<doc>Verifies that current page contains ``text``.</doc>
<msg timestamp="20231120 18:53:06.857" level="INFO">Current page contains text 'Invalid username or password'.</msg>
<status status="PASS" starttime="20231120 18:53:05.830" endtime="20231120 18:53:06.858"/>
</kw>
<status status="PASS" starttime="20231120 18:53:05.319" endtime="20231120 18:53:06.858"/>
</kw>
<status status="PASS" starttime="20231120 18:52:59.008" endtime="20231120 18:53:06.858"/>
</test>
<test id="s1-s2-t3" name="Login With Nonexistent Username" line="20">
<kw name="Create User And Go To Login Page" type="SETUP">
<kw name="Create User" library="AppLibrary">
<arg>kalle</arg>
<arg>kalle123</arg>
<status status="PASS" starttime="20231120 18:53:06.859" endtime="20231120 18:53:06.865"/>
</kw>
<kw name="Go To Login Page" library="resource">
<kw name="Go To" library="SeleniumLibrary">
<arg>${LOGIN_URL}</arg>
<doc>Navigates the current browser window to the provided ``url``.</doc>
<msg timestamp="20231120 18:53:06.865" level="INFO">Opening url 'http://localhost:5001/login'</msg>
<status status="PASS" starttime="20231120 18:53:06.865" endtime="20231120 18:53:07.377"/>
</kw>
<status status="PASS" starttime="20231120 18:53:06.865" endtime="20231120 18:53:07.377"/>
</kw>
<kw name="Login Page Should Be Open" library="resource">
<kw name="Title Should Be" library="SeleniumLibrary">
<arg>Login</arg>
<doc>Verifies that the current page title equals ``title``.</doc>
<msg timestamp="20231120 18:53:07.888" level="INFO">Page title is 'Login'.</msg>
<status status="PASS" starttime="20231120 18:53:07.378" endtime="20231120 18:53:07.888"/>
</kw>
<status status="PASS" starttime="20231120 18:53:07.377" endtime="20231120 18:53:07.888"/>
</kw>
<status status="PASS" starttime="20231120 18:53:06.859" endtime="20231120 18:53:07.888"/>
</kw>
<kw name="Set Username">
<arg>notkalle</arg>
<kw name="Input Text" library="SeleniumLibrary">
<arg>username</arg>
<arg>${username}</arg>
<doc>Types the given ``text`` into the text field identified by ``locator``.</doc>
<msg timestamp="20231120 18:53:07.890" level="INFO">Typing text 'notkalle' into text field 'username'.</msg>
<status status="PASS" starttime="20231120 18:53:07.889" endtime="20231120 18:53:09.481"/>
</kw>
<status status="PASS" starttime="20231120 18:53:07.889" endtime="20231120 18:53:09.481"/>
</kw>
<kw name="Set Password">
<arg>kalle123</arg>
<kw name="Input Password" library="SeleniumLibrary">
<arg>password</arg>
<arg>${password}</arg>
<doc>Types the given password into the text field identified by ``locator``.</doc>
<msg timestamp="20231120 18:53:09.483" level="INFO">Typing password into text field 'password'.</msg>
<msg timestamp="20231120 18:53:10.516" level="INFO">Temporally setting log level to: NONE</msg>
<msg timestamp="20231120 18:53:11.044" level="INFO">Log level changed from NONE to INFO.</msg>
<status status="PASS" starttime="20231120 18:53:09.482" endtime="20231120 18:53:11.044"/>
</kw>
<status status="PASS" starttime="20231120 18:53:09.482" endtime="20231120 18:53:11.045"/>
</kw>
<kw name="Submit Credentials">
<kw name="Click Button" library="SeleniumLibrary">
<arg>Login</arg>
<doc>Clicks the button identified by ``locator``.</doc>
<msg timestamp="20231120 18:53:11.046" level="INFO">Clicking button 'Login'.</msg>
<status status="PASS" starttime="20231120 18:53:11.045" endtime="20231120 18:53:13.128"/>
</kw>
<status status="PASS" starttime="20231120 18:53:11.045" endtime="20231120 18:53:13.128"/>
</kw>
<kw name="Login Should Fail With Message">
<arg>Invalid username or password</arg>
<kw name="Login Page Should Be Open" library="resource">
<kw name="Title Should Be" library="SeleniumLibrary">
<arg>Login</arg>
<doc>Verifies that the current page title equals ``title``.</doc>
<msg timestamp="20231120 18:53:13.640" level="INFO">Page title is 'Login'.</msg>
<status status="PASS" starttime="20231120 18:53:13.130" endtime="20231120 18:53:13.640"/>
</kw>
<status status="PASS" starttime="20231120 18:53:13.129" endtime="20231120 18:53:13.640"/>
</kw>
<kw name="Page Should Contain" library="SeleniumLibrary">
<arg>${message}</arg>
<doc>Verifies that current page contains ``text``.</doc>
<msg timestamp="20231120 18:53:14.665" level="INFO">Current page contains text 'Invalid username or password'.</msg>
<status status="PASS" starttime="20231120 18:53:13.641" endtime="20231120 18:53:14.665"/>
</kw>
<status status="PASS" starttime="20231120 18:53:13.129" endtime="20231120 18:53:14.665"/>
</kw>
<status status="PASS" starttime="20231120 18:53:06.858" endtime="20231120 18:53:14.666"/>
</test>
<kw name="Close Browser" library="SeleniumLibrary" type="TEARDOWN">
<doc>Closes the current browser.</doc>
<status status="PASS" starttime="20231120 18:53:14.667" endtime="20231120 18:53:15.225"/>
</kw>
<status status="PASS" starttime="20231120 18:52:51.225" endtime="20231120 18:53:15.225"/>
</suite>
<status status="PASS" starttime="20231120 18:52:44.403" endtime="20231120 18:53:15.228"/>
</suite>
<statistics>
<total>
<stat pass="5" fail="0" skip="0">All Tests</stat>
</total>
<tag>
</tag>
<suite>
<stat pass="5" fail="0" skip="0" id="s1" name="Tests">Tests</stat>
<stat pass="2" fail="0" skip="0" id="s1-s1" name="Home">Tests.Home</stat>
<stat pass="3" fail="0" skip="0" id="s1-s2" name="Login">Tests.Login</stat>
</suite>
</statistics>
<errors>
</errors>
</robot>
