<?xml version="1.0" encoding="UTF-8"?>
<robot generator="Robot 6.1.1 (Python 3.10.12 on linux)" generated="20231120 17:51:25.528" rpa="false" schemaversion="4">
<suite id="s1" name="Tests" source="/home/johanell/ohtu/viikko3/login-robot/src/tests">
<suite id="s1-s1" name="Login" source="/home/johanell/ohtu/viikko3/login-robot/src/tests/login.robot">
<test id="s1-s1-t1" name="Login With Correct Credentials" line="6">
<kw name="Create User And Input Login Command" type="SETUP">
<kw name="Create User" library="AppLibrary">
<arg>kalle</arg>
<arg>kalle123</arg>
<status status="PASS" starttime="20231120 17:51:25.542" endtime="20231120 17:51:25.543"/>
</kw>
<kw name="Input Login Command" library="resource">
<kw name="Input" library="AppLibrary">
<arg>login</arg>
<status status="PASS" starttime="20231120 17:51:25.543" endtime="20231120 17:51:25.543"/>
</kw>
<status status="PASS" starttime="20231120 17:51:25.543" endtime="20231120 17:51:25.543"/>
</kw>
<status status="PASS" starttime="20231120 17:51:25.542" endtime="20231120 17:51:25.543"/>
</kw>
<kw name="Input Credentials" library="resource">
<arg>kalle</arg>
<arg>kalle123</arg>
<kw name="Input" library="AppLibrary">
<arg>${username}</arg>
<status status="PASS" starttime="20231120 17:51:25.543" endtime="20231120 17:51:25.543"/>
</kw>
<kw name="Input" library="AppLibrary">
<arg>${password}</arg>
<status status="PASS" starttime="20231120 17:51:25.543" endtime="20231120 17:51:25.543"/>
</kw>
<kw name="Run Application" library="AppLibrary">
<status status="PASS" starttime="20231120 17:51:25.544" endtime="20231120 17:51:25.544"/>
</kw>
<status status="PASS" starttime="20231120 17:51:25.543" endtime="20231120 17:51:25.544"/>
</kw>
<kw name="Output Should Contain" library="AppLibrary">
<arg>Logged in</arg>
<status status="PASS" starttime="20231120 17:51:25.544" endtime="20231120 17:51:25.544"/>
</kw>
<status status="PASS" starttime="20231120 17:51:25.542" endtime="20231120 17:51:25.544"/>
</test>
<test id="s1-s1-t2" name="Login With Incorrect Password" line="10">
<kw name="Create User And Input Login Command" type="SETUP">
<kw name="Create User" library="AppLibrary">
<arg>kalle</arg>
<arg>kalle123</arg>
<status status="PASS" starttime="20231120 17:51:25.544" endtime="20231120 17:51:25.544"/>
</kw>
<kw name="Input Login Command" library="resource">
<kw name="Input" library="AppLibrary">
<arg>login</arg>
<status status="PASS" starttime="20231120 17:51:25.544" endtime="20231120 17:51:25.545"/>
</kw>
<status status="PASS" starttime="20231120 17:51:25.544" endtime="20231120 17:51:25.545"/>
</kw>
<status status="PASS" starttime="20231120 17:51:25.544" endtime="20231120 17:51:25.545"/>
</kw>
<kw name="Input Credentials" library="resource">
<arg>kalle</arg>
<arg>wrong</arg>
<kw name="Input" library="AppLibrary">
<arg>${username}</arg>
<status status="PASS" starttime="20231120 17:51:25.545" endtime="20231120 17:51:25.545"/>
</kw>
<kw name="Input" library="AppLibrary">
<arg>${password}</arg>
<status status="PASS" starttime="20231120 17:51:25.545" endtime="20231120 17:51:25.545"/>
</kw>
<kw name="Run Application" library="AppLibrary">
<status status="PASS" starttime="20231120 17:51:25.545" endtime="20231120 17:51:25.545"/>
</kw>
<status status="PASS" starttime="20231120 17:51:25.545" endtime="20231120 17:51:25.545"/>
</kw>
<kw name="Output Should Contain" library="AppLibrary">
<arg>Invalid username or password</arg>
<status status="PASS" starttime="20231120 17:51:25.545" endtime="20231120 17:51:25.545"/>
</kw>
<status status="PASS" starttime="20231120 17:51:25.544" endtime="20231120 17:51:25.545"/>
</test>
<test id="s1-s1-t3" name="Login With Nonexistent Username" line="14">
<kw name="Create User And Input Login Command" type="SETUP">
<kw name="Create User" library="AppLibrary">
<arg>kalle</arg>
<arg>kalle123</arg>
<status status="PASS" starttime="20231120 17:51:25.546" endtime="20231120 17:51:25.546"/>
</kw>
<kw name="Input Login Command" library="resource">
<kw name="Input" library="AppLibrary">
<arg>login</arg>
<status status="PASS" starttime="20231120 17:51:25.546" endtime="20231120 17:51:25.546"/>
</kw>
<status status="PASS" starttime="20231120 17:51:25.546" endtime="20231120 17:51:25.546"/>
</kw>
<status status="PASS" starttime="20231120 17:51:25.546" endtime="20231120 17:51:25.546"/>
</kw>
<kw name="Input Credentials" library="resource">
<arg>notuser</arg>
<arg>kalle123</arg>
<kw name="Input" library="AppLibrary">
<arg>${username}</arg>
<status status="PASS" starttime="20231120 17:51:25.546" endtime="20231120 17:51:25.546"/>
</kw>
<kw name="Input" library="AppLibrary">
<arg>${password}</arg>
<status status="PASS" starttime="20231120 17:51:25.546" endtime="20231120 17:51:25.546"/>
</kw>
<kw name="Run Application" library="AppLibrary">
<status status="PASS" starttime="20231120 17:51:25.546" endtime="20231120 17:51:25.547"/>
</kw>
<status status="PASS" starttime="20231120 17:51:25.546" endtime="20231120 17:51:25.547"/>
</kw>
<kw name="Output Should Contain" library="AppLibrary">
<arg>Invalid username or password</arg>
<status status="PASS" starttime="20231120 17:51:25.547" endtime="20231120 17:51:25.547"/>
</kw>
<status status="PASS" starttime="20231120 17:51:25.545" endtime="20231120 17:51:25.547"/>
</test>
<status status="PASS" starttime="20231120 17:51:25.539" endtime="20231120 17:51:25.547"/>
</suite>
<suite id="s1-s2" name="Register" source="/home/johanell/ohtu/viikko3/login-robot/src/tests/register.robot">
<test id="s1-s2-t1" name="Register With Valid Username And Password" line="6">
<kw name="Create User And Input New Command" type="SETUP">
<kw name="Create User" library="AppLibrary">
<arg>kalle</arg>
<arg>salasana123</arg>
<status status="PASS" starttime="20231120 17:51:25.549" endtime="20231120 17:51:25.549"/>
</kw>
<kw name="Input New Command" library="resource">
<kw name="Input" library="AppLibrary">
<arg>new</arg>
<status status="PASS" starttime="20231120 17:51:25.549" endtime="20231120 17:51:25.549"/>
</kw>
<status status="PASS" starttime="20231120 17:51:25.549" endtime="20231120 17:51:25.549"/>
</kw>
<status status="PASS" starttime="20231120 17:51:25.549" endtime="20231120 17:51:25.549"/>
</kw>
<kw name="Input Credentials" library="resource">
<arg>valid</arg>
<arg>valid123</arg>
<kw name="Input" library="AppLibrary">
<arg>${username}</arg>
<status status="PASS" starttime="20231120 17:51:25.549" endtime="20231120 17:51:25.550"/>
</kw>
<kw name="Input" library="AppLibrary">
<arg>${password}</arg>
<status status="PASS" starttime="20231120 17:51:25.550" endtime="20231120 17:51:25.550"/>
</kw>
<kw name="Run Application" library="AppLibrary">
<status status="PASS" starttime="20231120 17:51:25.550" endtime="20231120 17:51:25.550"/>
</kw>
<status status="PASS" starttime="20231120 17:51:25.549" endtime="20231120 17:51:25.550"/>
</kw>
<kw name="Output Should Contain" library="AppLibrary">
<arg>New user registered</arg>
<status status="PASS" starttime="20231120 17:51:25.550" endtime="20231120 17:51:25.550"/>
</kw>
<status status="PASS" starttime="20231120 17:51:25.549" endtime="20231120 17:51:25.550"/>
</test>
<test id="s1-s2-t2" name="Register With Already Taken Username And Valid Password" line="10">
<kw name="Create User And Input New Command" type="SETUP">
<kw name="Create User" library="AppLibrary">
<arg>kalle</arg>
<arg>salasana123</arg>
<status status="PASS" starttime="20231120 17:51:25.551" endtime="20231120 17:51:25.551"/>
</kw>
<kw name="Input New Command" library="resource">
<kw name="Input" library="AppLibrary">
<arg>new</arg>
<status status="PASS" starttime="20231120 17:51:25.551" endtime="20231120 17:51:25.551"/>
</kw>
<status status="PASS" starttime="20231120 17:51:25.551" endtime="20231120 17:51:25.551"/>
</kw>
<status status="PASS" starttime="20231120 17:51:25.550" endtime="20231120 17:51:25.551"/>
</kw>
<kw name="Input Credentials" library="resource">
<arg>kalle</arg>
<arg>kalle1234</arg>
<kw name="Input" library="AppLibrary">
<arg>${username}</arg>
<status status="PASS" starttime="20231120 17:51:25.551" endtime="20231120 17:51:25.551"/>
</kw>
<kw name="Input" library="AppLibrary">
<arg>${password}</arg>
<status status="PASS" starttime="20231120 17:51:25.551" endtime="20231120 17:51:25.551"/>
</kw>
<kw name="Run Application" library="AppLibrary">
<status status="PASS" starttime="20231120 17:51:25.551" endtime="20231120 17:51:25.552"/>
</kw>
<status status="PASS" starttime="20231120 17:51:25.551" endtime="20231120 17:51:25.552"/>
</kw>
<kw name="Output Should Contain" library="AppLibrary">
<arg>User with username kalle already exists</arg>
<status status="PASS" starttime="20231120 17:51:25.552" endtime="20231120 17:51:25.552"/>
</kw>
<status status="PASS" starttime="20231120 17:51:25.550" endtime="20231120 17:51:25.552"/>
</test>
<test id="s1-s2-t3" name="Register With Too Short Username And Valid Password" line="14">
<kw name="Create User And Input New Command" type="SETUP">
<kw name="Create User" library="AppLibrary">
<arg>kalle</arg>
<arg>salasana123</arg>
<status status="PASS" starttime="20231120 17:51:25.552" endtime="20231120 17:51:25.552"/>
</kw>
<kw name="Input New Command" library="resource">
<kw name="Input" library="AppLibrary">
<arg>new</arg>
<status status="PASS" starttime="20231120 17:51:25.553" endtime="20231120 17:51:25.553"/>
</kw>
<status status="PASS" starttime="20231120 17:51:25.553" endtime="20231120 17:51:25.553"/>
</kw>
<status status="PASS" starttime="20231120 17:51:25.552" endtime="20231120 17:51:25.553"/>
</kw>
<kw name="Input Credentials" library="resource">
<arg>ka</arg>
<arg>kalle1234</arg>
<kw name="Input" library="AppLibrary">
<arg>${username}</arg>
<status status="PASS" starttime="20231120 17:51:25.553" endtime="20231120 17:51:25.553"/>
</kw>
<kw name="Input" library="AppLibrary">
<arg>${password}</arg>
<status status="PASS" starttime="20231120 17:51:25.553" endtime="20231120 17:51:25.553"/>
</kw>
<kw name="Run Application" library="AppLibrary">
<status status="PASS" starttime="20231120 17:51:25.553" endtime="20231120 17:51:25.553"/>
</kw>
<status status="PASS" starttime="20231120 17:51:25.553" endtime="20231120 17:51:25.553"/>
</kw>
<kw name="Output Should Contain" library="AppLibrary">
<arg>Username must be at least 3 characters long</arg>
<status status="PASS" starttime="20231120 17:51:25.553" endtime="20231120 17:51:25.553"/>
</kw>
<status status="PASS" starttime="20231120 17:51:25.552" endtime="20231120 17:51:25.554"/>
</test>
<test id="s1-s2-t4" name="Register With Long Enough But Invalid Username And Valid Password" line="18">
<kw name="Create User And Input New Command" type="SETUP">
<kw name="Create User" library="AppLibrary">
<arg>kalle</arg>
<arg>salasana123</arg>
<status status="PASS" starttime="20231120 17:51:25.554" endtime="20231120 17:51:25.554"/>
</kw>
<kw name="Input New Command" library="resource">
<kw name="Input" library="AppLibrary">
<arg>new</arg>
<status status="PASS" starttime="20231120 17:51:25.554" endtime="20231120 17:51:25.554"/>
</kw>
<status status="PASS" starttime="20231120 17:51:25.554" endtime="20231120 17:51:25.554"/>
</kw>
<status status="PASS" starttime="20231120 17:51:25.554" endtime="20231120 17:51:25.554"/>
</kw>
<kw name="Input Credentials" library="resource">
<arg>kalle§</arg>
<arg>kalle1234</arg>
<kw name="Input" library="AppLibrary">
<arg>${username}</arg>
<status status="PASS" starttime="20231120 17:51:25.555" endtime="20231120 17:51:25.555"/>
</kw>
<kw name="Input" library="AppLibrary">
<arg>${password}</arg>
<status status="PASS" starttime="20231120 17:51:25.555" endtime="20231120 17:51:25.555"/>
</kw>
<kw name="Run Application" library="AppLibrary">
<status status="PASS" starttime="20231120 17:51:25.555" endtime="20231120 17:51:25.555"/>
</kw>
<status status="PASS" starttime="20231120 17:51:25.554" endtime="20231120 17:51:25.555"/>
</kw>
<kw name="Output Should Contain" library="AppLibrary">
<arg>Username contains invalid characters</arg>
<status status="PASS" starttime="20231120 17:51:25.555" endtime="20231120 17:51:25.555"/>
</kw>
<status status="PASS" starttime="20231120 17:51:25.554" endtime="20231120 17:51:25.555"/>
</test>
<test id="s1-s2-t5" name="Register With Valid Username And Too Short Password" line="22">
<kw name="Create User And Input New Command" type="SETUP">
<kw name="Create User" library="AppLibrary">
<arg>kalle</arg>
<arg>salasana123</arg>
<status status="PASS" starttime="20231120 17:51:25.555" endtime="20231120 17:51:25.556"/>
</kw>
<kw name="Input New Command" library="resource">
<kw name="Input" library="AppLibrary">
<arg>new</arg>
<status status="PASS" starttime="20231120 17:51:25.556" endtime="20231120 17:51:25.556"/>
</kw>
<status status="PASS" starttime="20231120 17:51:25.556" endtime="20231120 17:51:25.556"/>
</kw>
<status status="PASS" starttime="20231120 17:51:25.555" endtime="20231120 17:51:25.556"/>
</kw>
<kw name="Input Credentials" library="resource">
<arg>valid</arg>
<arg>short</arg>
<kw name="Input" library="AppLibrary">
<arg>${username}</arg>
<status status="PASS" starttime="20231120 17:51:25.556" endtime="20231120 17:51:25.556"/>
</kw>
<kw name="Input" library="AppLibrary">
<arg>${password}</arg>
<status status="PASS" starttime="20231120 17:51:25.556" endtime="20231120 17:51:25.556"/>
</kw>
<kw name="Run Application" library="AppLibrary">
<status status="PASS" starttime="20231120 17:51:25.556" endtime="20231120 17:51:25.556"/>
</kw>
<status status="PASS" starttime="20231120 17:51:25.556" endtime="20231120 17:51:25.556"/>
</kw>
<kw name="Output Should Contain" library="AppLibrary">
<arg>Password must be at least 8 characters long</arg>
<status status="PASS" starttime="20231120 17:51:25.556" endtime="20231120 17:51:25.556"/>
</kw>
<status status="PASS" starttime="20231120 17:51:25.555" endtime="20231120 17:51:25.557"/>
</test>
<test id="s1-s2-t6" name="Register With Valid Username And Long Enough Password Containing Only Letters" line="26">
<kw name="Create User And Input New Command" type="SETUP">
<kw name="Create User" library="AppLibrary">
<arg>kalle</arg>
<arg>salasana123</arg>
<status status="PASS" starttime="20231120 17:51:25.557" endtime="20231120 17:51:25.557"/>
</kw>
<kw name="Input New Command" library="resource">
<kw name="Input" library="AppLibrary">
<arg>new</arg>
<status status="PASS" starttime="20231120 17:51:25.557" endtime="20231120 17:51:25.557"/>
</kw>
<status status="PASS" starttime="20231120 17:51:25.557" endtime="20231120 17:51:25.557"/>
</kw>
<status status="PASS" starttime="20231120 17:51:25.557" endtime="20231120 17:51:25.557"/>
</kw>
<kw name="Input Credentials" library="resource">
<arg>valid</arg>
<arg>onlyletters</arg>
<kw name="Input" library="AppLibrary">
<arg>${username}</arg>
<status status="PASS" starttime="20231120 17:51:25.558" endtime="20231120 17:51:25.558"/>
</kw>
<kw name="Input" library="AppLibrary">
<arg>${password}</arg>
<status status="PASS" starttime="20231120 17:51:25.558" endtime="20231120 17:51:25.558"/>
</kw>
<kw name="Run Application" library="AppLibrary">
<status status="PASS" starttime="20231120 17:51:25.558" endtime="20231120 17:51:25.558"/>
</kw>
<status status="PASS" starttime="20231120 17:51:25.557" endtime="20231120 17:51:25.558"/>
</kw>
<kw name="Output Should Contain" library="AppLibrary">
<arg>Password cannot contain letters only</arg>
<status status="PASS" starttime="20231120 17:51:25.558" endtime="20231120 17:51:25.558"/>
</kw>
<status status="PASS" starttime="20231120 17:51:25.557" endtime="20231120 17:51:25.558"/>
</test>
<status status="PASS" starttime="20231120 17:51:25.547" endtime="20231120 17:51:25.558"/>
</suite>
<status status="PASS" starttime="20231120 17:51:25.529" endtime="20231120 17:51:25.559"/>
</suite>
<statistics>
<total>
<stat pass="9" fail="0" skip="0">All Tests</stat>
</total>
<tag>
</tag>
<suite>
<stat pass="9" fail="0" skip="0" id="s1" name="Tests">Tests</stat>
<stat pass="3" fail="0" skip="0" id="s1-s1" name="Login">Tests.Login</stat>
<stat pass="6" fail="0" skip="0" id="s1-s2" name="Register">Tests.Register</stat>
</suite>
</statistics>
<errors>
</errors>
</robot>
